<?xml version="1.0" encoding="UTF-8"?>
<!-- Generated by org.testng.reporters.JUnitXMLReporter -->
<testsuite hostname="XIPL9082" name="testngTest" tests="3" failures="0" timestamp="27 Jul 2018 18:38:03 GMT" time="64.577" errors="0">
  <testcase name="loginTestCase" time="23.612" classname="testCases.FlipkartAppTest"/>
  <testcase name="notificationTabVerification" time="1.413" classname="testCases.FlipkartAppTest"/>
  <testcase name="cartTabVerification" time="3.377" classname="testCases.FlipkartAppTest"/>
</testsuite> <!-- testngTest -->
